  Building Custom Rule D:/VS/VSProj/OpenGL_Nanite/OpenGL_Nanite/metis-5.1.0/programs/CMakeLists.txt
  mpmetis.c
C:\Program Files (x86)\Windows Kits\10\Include\10.0.22621.0\ucrt\corecrt_math.h(88,9): warning C4005: “INFINITY”: 宏重定义
  cmdline_mpmetis.c
  (编译源文件“../../programs/mpmetis.c”)
      D:\VS\VSProj\OpenGL_Nanite\OpenGL_Nanite\metis-5.1.0\GKlib\gk_arch.h(67,9):
      参见“INFINITY”的前一个定义
  
D:\VS\VSProj\OpenGL_Nanite\OpenGL_Nanite\metis-5.1.0\programs\mpmetis.c(33,3): warning C4244: “-=”: 从“double”转换到“real_t”，可能丢失数据
D:\VS\VSProj\OpenGL_Nanite\OpenGL_Nanite\metis-5.1.0\programs\mpmetis.c(42,3): warning C4244: “+=”: 从“double”转换到“real_t”，可能丢失数据
D:\VS\VSProj\OpenGL_Nanite\OpenGL_Nanite\metis-5.1.0\programs\mpmetis.c(65,3): warning C4244: “-=”: 从“double”转换到“real_t”，可能丢失数据
D:\VS\VSProj\OpenGL_Nanite\OpenGL_Nanite\metis-5.1.0\programs\mpmetis.c(81,3): warning C4244: “+=”: 从“double”转换到“real_t”，可能丢失数据
D:\VS\VSProj\OpenGL_Nanite\OpenGL_Nanite\metis-5.1.0\programs\mpmetis.c(93,7): warning C4244: “-=”: 从“double”转换到“real_t”，可能丢失数据
D:\VS\VSProj\OpenGL_Nanite\OpenGL_Nanite\metis-5.1.0\programs\mpmetis.c(95,7): warning C4244: “+=”: 从“double”转换到“real_t”，可能丢失数据
D:\VS\VSProj\OpenGL_Nanite\OpenGL_Nanite\metis-5.1.0\programs\mpmetis.c(172,3): warning C4244: “-=”: 从“double”转换到“real_t”，可能丢失数据
D:\VS\VSProj\OpenGL_Nanite\OpenGL_Nanite\metis-5.1.0\programs\mpmetis.c(179,3): warning C4244: “+=”: 从“double”转换到“real_t”，可能丢失数据
C:\Program Files (x86)\Windows Kits\10\Include\10.0.22621.0\ucrt\corecrt_math.h(88,9): warning C4005: “INFINITY”: 宏重定义
  (编译源文件“../../programs/cmdline_mpmetis.c”)
      D:\VS\VSProj\OpenGL_Nanite\OpenGL_Nanite\metis-5.1.0\GKlib\gk_arch.h(67,9):
      参见“INFINITY”的前一个定义
  
D:\VS\VSProj\OpenGL_Nanite\OpenGL_Nanite\metis-5.1.0\programs\cmdline_mpmetis.c(239,35): warning C4047: “函数”:“int *(__cdecl *)()”与“int”的间接级别不同
D:\VS\VSProj\OpenGL_Nanite\OpenGL_Nanite\metis-5.1.0\programs\cmdline_mpmetis.c(239,35): warning C4024: “gk_getopt_long_only”: 形参和实参 1 的类型不同
D:\VS\VSProj\OpenGL_Nanite\OpenGL_Nanite\metis-5.1.0\programs\cmdline_mpmetis.c(239,41): warning C4047: “函数”:“char ***(__cdecl *)()”与“char **”的间接级别不同
D:\VS\VSProj\OpenGL_Nanite\OpenGL_Nanite\metis-5.1.0\programs\cmdline_mpmetis.c(239,41): warning C4024: “gk_getopt_long_only”: 形参和实参 2 的类型不同
D:\VS\VSProj\OpenGL_Nanite\OpenGL_Nanite\metis-5.1.0\programs\cmdline_mpmetis.c(196,13): warning C4101: “k”: 未引用的局部变量
D:\VS\VSProj\OpenGL_Nanite\OpenGL_Nanite\metis-5.1.0\programs\cmdline_mpmetis.c(196,10): warning C4101: “j”: 未引用的局部变量
  io.c
C:\Program Files (x86)\Windows Kits\10\Include\10.0.22621.0\ucrt\corecrt_math.h(88,9): warning C4005: “INFINITY”: 宏重定义
  (编译源文件“../../programs/io.c”)
      D:\VS\VSProj\OpenGL_Nanite\OpenGL_Nanite\metis-5.1.0\GKlib\gk_arch.h(67,9):
      参见“INFINITY”的前一个定义
  
D:\VS\VSProj\OpenGL_Nanite\OpenGL_Nanite\metis-5.1.0\programs\io.c(24,12): warning C4101: “j”: 未引用的局部变量
D:\VS\VSProj\OpenGL_Nanite\OpenGL_Nanite\metis-5.1.0\programs\io.c(180,12): warning C4101: “j”: 未引用的局部变量
D:\VS\VSProj\OpenGL_Nanite\OpenGL_Nanite\metis-5.1.0\programs\io.c(288,39): warning C4244: “=”: 从“double”转换到“real_t”，可能丢失数据
D:\VS\VSProj\OpenGL_Nanite\OpenGL_Nanite\metis-5.1.0\programs\io.c(381,33): warning C4244: “函数”: 从“double”转换到“real_t”，可能丢失数据
D:\VS\VSProj\OpenGL_Nanite\OpenGL_Nanite\metis-5.1.0\programs\io.c(389,26): warning C4244: “=”: 从“double”转换到“real_t”，可能丢失数据
  stat.c
C:\Program Files (x86)\Windows Kits\10\Include\10.0.22621.0\ucrt\corecrt_math.h(88,9): warning C4005: “INFINITY”: 宏重定义
  (编译源文件“../../programs/stat.c”)
      D:\VS\VSProj\OpenGL_Nanite\OpenGL_Nanite\metis-5.1.0\GKlib\gk_arch.h(67,9):
      参见“INFINITY”的前一个定义
  
D:\VS\VSProj\OpenGL_Nanite\OpenGL_Nanite\metis-5.1.0\programs\stat.c(55,45): warning C4244: “=”: 从“double”转换到“real_t”，可能丢失数据
D:\VS\VSProj\OpenGL_Nanite\OpenGL_Nanite\metis-5.1.0\programs\stat.c(57,41): warning C4244: “=”: 从“double”转换到“real_t”，可能丢失数据
  正在生成代码...
  mpmetis.vcxproj -> D:\VS\VSProj\OpenGL_Nanite\OpenGL_Nanite\metis-5.1.0\build\programs\Release\mpmetis.exe
