  正在扫描源以查找模块依赖项...
  Render.cpp
E:\VsProject\Nanite\OpenGLNanite\OpenGL_Nanite\metis-5.1.0\include\metis.h(75,9): warning C4005: “INT32_MIN”: 宏重定义
  (编译源文件“Render.cpp”)
      D:\Software\VS\VS2022\product\VC\Tools\MSVC\14.43.34808\include\stdint.h(51,9):
      参见“INT32_MIN”的前一个定义
  
E:\VsProject\Nanite\OpenGLNanite\OpenGL_Nanite\metis-5.1.0\include\metis.h(76,9): warning C4005: “INT32_MAX”: 宏重定义
  (编译源文件“Render.cpp”)
      D:\Software\VS\VS2022\product\VC\Tools\MSVC\14.43.34808\include\stdint.h(55,9):
      参见“INT32_MAX”的前一个定义
  
E:\VsProject\Nanite\OpenGLNanite\OpenGL_Nanite\metis-5.1.0\include\metis.h(77,9): warning C4005: “INT64_MIN”: 宏重定义
  (编译源文件“Render.cpp”)
      D:\Software\VS\VS2022\product\VC\Tools\MSVC\14.43.34808\include\stdint.h(52,9):
      参见“INT64_MIN”的前一个定义
  
E:\VsProject\Nanite\OpenGLNanite\OpenGL_Nanite\metis-5.1.0\include\metis.h(78,9): warning C4005: “INT64_MAX”: 宏重定义
  (编译源文件“Render.cpp”)
      D:\Software\VS\VS2022\product\VC\Tools\MSVC\14.43.34808\include\stdint.h(56,9):
      参见“INT64_MAX”的前一个定义
  
E:\VsProject\Nanite\OpenGLNanite\OpenGL_Nanite\MeshSimplify.h(37,17): warning C4244: “初始化”: 从“f64”转换到“f32”，可能丢失数据
  (编译源文件“Render.cpp”)
  
E:\VsProject\Nanite\OpenGLNanite\OpenGL_Nanite\Render.cpp(4,23): warning C4244: “初始化”: 从“double”转换到“float”，可能丢失数据
E:\VsProject\Nanite\OpenGLNanite\OpenGL_Nanite\Render.cpp(244,23): warning C4018: “<”: 有符号/无符号不匹配
E:\VsProject\Nanite\OpenGLNanite\OpenGL_Nanite\Render.cpp(316,38): warning C4267: “=”: 从“size_t”转换到“u32”，可能丢失数据
E:\VsProject\Nanite\OpenGLNanite\OpenGL_Nanite\Render.cpp(317,38): warning C4267: “=”: 从“size_t”转换到“u32”，可能丢失数据
E:\VsProject\Nanite\OpenGLNanite\OpenGL_Nanite\Render.cpp(318,39): warning C4267: “=”: 从“size_t”转换到“u32”，可能丢失数据
soil2-debug.lib(SOIL2.obj) : warning LNK4075: 忽略“/EDITANDCONTINUE”(由于“/OPT:ICF”规范)
LINK : warning LNK4098: 默认库“LIBCMT”与其他库的使用冲突；请使用 /NODEFAULTLIB:library
LINK : warning LNK4098: 默认库“MSVCRTD”与其他库的使用冲突；请使用 /NODEFAULTLIB:library
  正在生成代码
  2 of 3665 functions (<0.1%) were compiled, the rest were copied from previous compilation.
    0 functions were new in current compilation
    36 functions had inline decision re-evaluated but remain unchanged
  已完成代码的生成
glew32s.lib(glew.obj) : warning LNK4099: 未找到 PDB“”(使用“glew32s.lib(glew.obj)”或在“”中寻找)；正在链接对象，如同没有调试信息一样
  OpenGL_Nanite.vcxproj -> E:\VsProject\Nanite\OpenGLNanite\x64\Release\OpenGL_Nanite.exe
