e:\vsproject\nanite\openglnanite\opengl_nanite\x64\release\vc143.pdb
e:\vsproject\nanite\openglnanite\opengl_nanite\x64\release\shaders.obj
e:\vsproject\nanite\openglnanite\opengl_nanite\x64\release\render.obj
e:\vsproject\nanite\openglnanite\opengl_nanite\x64\release\partitioner.obj
e:\vsproject\nanite\openglnanite\opengl_nanite\x64\release\openglwin.obj
e:\vsproject\nanite\openglnanite\opengl_nanite\x64\release\nanitemesh.obj
e:\vsproject\nanite\openglnanite\opengl_nanite\x64\release\model.obj
e:\vsproject\nanite\openglnanite\opengl_nanite\x64\release\meshsimplify.obj
e:\vsproject\nanite\openglnanite\opengl_nanite\x64\release\mesh.obj
e:\vsproject\nanite\openglnanite\opengl_nanite\x64\release\main.obj
e:\vsproject\nanite\openglnanite\opengl_nanite\x64\release\engine.obj
e:\vsproject\nanite\openglnanite\opengl_nanite\x64\release\cluster.obj
e:\vsproject\nanite\openglnanite\opengl_nanite\x64\release\camera.obj
e:\vsproject\nanite\openglnanite\opengl_nanite\x64\release\bounds.obj
e:\vsproject\nanite\openglnanite\opengl_nanite\x64\release\imgui_widgets.obj
e:\vsproject\nanite\openglnanite\opengl_nanite\x64\release\imgui_tables.obj
e:\vsproject\nanite\openglnanite\opengl_nanite\x64\release\imgui_impl_opengl3.obj
e:\vsproject\nanite\openglnanite\opengl_nanite\x64\release\imgui_impl_glfw.obj
e:\vsproject\nanite\openglnanite\opengl_nanite\x64\release\imgui_draw.obj
e:\vsproject\nanite\openglnanite\opengl_nanite\x64\release\imgui_demo.obj
e:\vsproject\nanite\openglnanite\opengl_nanite\x64\release\imgui.obj
e:\vsproject\nanite\openglnanite\opengl_nanite\x64\release\heap.obj
e:\vsproject\nanite\openglnanite\opengl_nanite\x64\release\hashtable.obj
e:\vsproject\nanite\openglnanite\opengl_nanite\x64\release\bitarray.obj
e:\vsproject\nanite\openglnanite\opengl_nanite\x64\release\glad.obj
e:\vsproject\nanite\openglnanite\opengl_nanite\x64\release\shaders.h.ifc
e:\vsproject\nanite\openglnanite\opengl_nanite\x64\release\shaders.h.ifc.d.json
e:\vsproject\nanite\openglnanite\opengl_nanite\x64\release\shaders.h.obj
e:\vsproject\nanite\openglnanite\x64\release\opengl_nanite.exe
e:\vsproject\nanite\openglnanite\x64\release\opengl_nanite.pdb
e:\vsproject\nanite\openglnanite\opengl_nanite\x64\release\shaders.h.module.json
e:\vsproject\nanite\openglnanite\opengl_nanite\x64\release\opengl_nanite.ipdb
e:\vsproject\nanite\openglnanite\opengl_nanite\x64\release\opengl_nanite.iobj
e:\vsproject\nanite\openglnanite\opengl_nanite\x64\release\opengl_nanite.tlog\cl.command.1.tlog
e:\vsproject\nanite\openglnanite\opengl_nanite\x64\release\opengl_nanite.tlog\cl.items.tlog
e:\vsproject\nanite\openglnanite\opengl_nanite\x64\release\opengl_nanite.tlog\cl.read.1.tlog
e:\vsproject\nanite\openglnanite\opengl_nanite\x64\release\opengl_nanite.tlog\cl.write.1.tlog
e:\vsproject\nanite\openglnanite\opengl_nanite\x64\release\opengl_nanite.tlog\link.command.1.tlog
e:\vsproject\nanite\openglnanite\opengl_nanite\x64\release\opengl_nanite.tlog\link.read.1.tlog
e:\vsproject\nanite\openglnanite\opengl_nanite\x64\release\opengl_nanite.tlog\link.secondary.1.tlog
e:\vsproject\nanite\openglnanite\opengl_nanite\x64\release\opengl_nanite.tlog\link.write.1.tlog
e:\vsproject\nanite\openglnanite\opengl_nanite\x64\release\opengl_nanite_md.tlog\cl.command.1.tlog
e:\vsproject\nanite\openglnanite\opengl_nanite\x64\release\opengl_nanite_md.tlog\microsoft.build.cpptasks.cl.read.1.tlog
e:\vsproject\nanite\openglnanite\opengl_nanite\x64\release\opengl_nanite_md.tlog\microsoft.build.cpptasks.cl.write.1.tlog
