d:\vs\vsproj\opengl_nanite\opengl_nanite\x64\debug\vc143.pdb
d:\vs\vsproj\opengl_nanite\opengl_nanite\x64\debug\vc143.idb
d:\vs\vsproj\opengl_nanite\opengl_nanite\x64\debug\glad.obj
d:\vs\vsproj\opengl_nanite\opengl_nanite\x64\debug\shaders.obj
d:\vs\vsproj\opengl_nanite\opengl_nanite\x64\debug\openglwin.obj
d:\vs\vsproj\opengl_nanite\opengl_nanite\x64\debug\camera.obj
d:\vs\vsproj\opengl_nanite\opengl_nanite\x64\debug\heap.obj
d:\vs\vsproj\opengl_nanite\opengl_nanite\x64\debug\bit_array.obj
d:\vs\vsproj\opengl_nanite\opengl_nanite\x64\debug\partitioner.obj
d:\vs\vsproj\opengl_nanite\opengl_nanite\x64\debug\nanitemesh.obj
d:\vs\vsproj\opengl_nanite\opengl_nanite\x64\debug\model.obj
d:\vs\vsproj\opengl_nanite\opengl_nanite\x64\debug\meshsimplify.obj
d:\vs\vsproj\opengl_nanite\opengl_nanite\x64\debug\mesh.obj
d:\vs\vsproj\opengl_nanite\opengl_nanite\x64\debug\main.obj
d:\vs\vsproj\opengl_nanite\opengl_nanite\x64\debug\hashtable.obj
d:\vs\vsproj\opengl_nanite\opengl_nanite\x64\debug\engine.obj
d:\vs\vsproj\opengl_nanite\opengl_nanite\x64\debug\cluster.obj
d:\vs\vsproj\opengl_nanite\opengl_nanite\x64\debug\bounds.obj
d:\vs\vsproj\opengl_nanite\opengl_nanite\x64\debug\bitarray.obj
d:\vs\vsproj\opengl_nanite\opengl_nanite\x64\debug\mesh_simplify.obj
d:\vs\vsproj\opengl_nanite\opengl_nanite\x64\debug\hash_table.obj
d:\vs\vsproj\opengl_nanite\opengl_nanite\x64\debug\shaders.h.ifc
d:\vs\vsproj\opengl_nanite\opengl_nanite\x64\debug\shaders.h.ifc.d.json
d:\vs\vsproj\opengl_nanite\opengl_nanite\x64\debug\shaders.h.obj
d:\vs\vsproj\opengl_nanite\x64\debug\opengl_nanite.exe
d:\vs\vsproj\opengl_nanite\x64\debug\opengl_nanite.pdb
d:\vs\vsproj\opengl_nanite\opengl_nanite\x64\debug\shaders.h.module.json
d:\vs\vsproj\opengl_nanite\opengl_nanite\x64\debug\opengl_nanite.ilk
d:\vs\vsproj\opengl_nanite\opengl_nanite\x64\debug\nanitemesh.obj.enc
d:\vs\vsproj\opengl_nanite\opengl_nanite\x64\debug\opengl_nanite.tlog\cl.command.1.tlog
d:\vs\vsproj\opengl_nanite\opengl_nanite\x64\debug\opengl_nanite.tlog\cl.items.tlog
d:\vs\vsproj\opengl_nanite\opengl_nanite\x64\debug\opengl_nanite.tlog\cl.read.1.tlog
d:\vs\vsproj\opengl_nanite\opengl_nanite\x64\debug\opengl_nanite.tlog\cl.write.1.tlog
d:\vs\vsproj\opengl_nanite\opengl_nanite\x64\debug\opengl_nanite.tlog\link.command.1.tlog
d:\vs\vsproj\opengl_nanite\opengl_nanite\x64\debug\opengl_nanite.tlog\link.read.1.tlog
d:\vs\vsproj\opengl_nanite\opengl_nanite\x64\debug\opengl_nanite.tlog\link.secondary.1.tlog
d:\vs\vsproj\opengl_nanite\opengl_nanite\x64\debug\opengl_nanite.tlog\link.write.1.tlog
d:\vs\vsproj\opengl_nanite\opengl_nanite\x64\debug\opengl_nanite_md.tlog\cl.command.1.tlog
d:\vs\vsproj\opengl_nanite\opengl_nanite\x64\debug\opengl_nanite_md.tlog\microsoft.build.cpptasks.cl.read.1.tlog
d:\vs\vsproj\opengl_nanite\opengl_nanite\x64\debug\opengl_nanite_md.tlog\microsoft.build.cpptasks.cl.write.1.tlog
