d:\vs\vsproj\opengl_nanite\opengl_nanite\debug\vc143.pdb
d:\vs\vsproj\opengl_nanite\opengl_nanite\debug\vc143.idb
d:\vs\vsproj\opengl_nanite\opengl_nanite\debug\glad.obj
d:\vs\vsproj\opengl_nanite\opengl_nanite\debug\shaders.h.ifc
d:\vs\vsproj\opengl_nanite\opengl_nanite\debug\shaders.h.ifc.d.json
d:\vs\vsproj\opengl_nanite\opengl_nanite\debug\shaders.h.obj
d:\vs\vsproj\opengl_nanite\opengl_nanite\debug\shaders.obj
d:\vs\vsproj\opengl_nanite\opengl_nanite\debug\openglwin.obj
d:\vs\vsproj\opengl_nanite\opengl_nanite\debug\main.obj
d:\vs\vsproj\opengl_nanite\opengl_nanite\debug\engine.obj
d:\vs\vsproj\opengl_nanite\debug\opengl_nanite.exe
d:\vs\vsproj\opengl_nanite\debug\opengl_nanite.pdb
d:\vs\vsproj\opengl_nanite\opengl_nanite\debug\shaders.h.module.json
d:\vs\vsproj\opengl_nanite\opengl_nanite\debug\opengl_nanite.ilk
d:\vs\vsproj\opengl_nanite\opengl_nanite\debug\opengl_nanite.tlog\cl.command.1.tlog
d:\vs\vsproj\opengl_nanite\opengl_nanite\debug\opengl_nanite.tlog\cl.items.tlog
d:\vs\vsproj\opengl_nanite\opengl_nanite\debug\opengl_nanite.tlog\cl.read.1.tlog
d:\vs\vsproj\opengl_nanite\opengl_nanite\debug\opengl_nanite.tlog\cl.write.1.tlog
d:\vs\vsproj\opengl_nanite\opengl_nanite\debug\opengl_nanite.tlog\link.command.1.tlog
d:\vs\vsproj\opengl_nanite\opengl_nanite\debug\opengl_nanite.tlog\link.read.1.tlog
d:\vs\vsproj\opengl_nanite\opengl_nanite\debug\opengl_nanite.tlog\link.secondary.1.tlog
d:\vs\vsproj\opengl_nanite\opengl_nanite\debug\opengl_nanite.tlog\link.write.1.tlog
d:\vs\vsproj\opengl_nanite\opengl_nanite\debug\opengl_nanite_md.tlog\cl.command.1.tlog
d:\vs\vsproj\opengl_nanite\opengl_nanite\debug\opengl_nanite_md.tlog\microsoft.build.cpptasks.cl.read.1.tlog
d:\vs\vsproj\opengl_nanite\opengl_nanite\debug\opengl_nanite_md.tlog\microsoft.build.cpptasks.cl.write.1.tlog
